  .   ____          _            __ _ _
 /\\ / ___'_ __ _ _(_)_ __  __ _ \ \ \ \
( ( )\___ | '_ | '_| | '_ \/ _` | \ \ \ \
 \\/  ___)| |_)| | | | | || (_| |  ) ) ) )
  '  |____| .__|_| |_|_| |_\__, | / / / /
 =========|_|==============|___/=/_/_/_/

 :: Spring Boot ::                (v3.3.0)

2026-06-06T18:25:48.346-03:00  INFO 16448 --- [           main] c.a.backend.BackendApplication           : Starting BackendApplication using Java 21.0.8 with PID 16448 (C:\Users\Jason\Desktop\whatsapp-project\backend\target\classes started by Jason in C:\Users\Jason\Desktop\whatsapp-project\backend)
2026-06-06T18:25:48.347-03:00  INFO 16448 --- [           main] c.a.backend.BackendApplication           : No active profile set, falling back to 1 default profile: "default"
2026-06-06T18:25:49.090-03:00  INFO 16448 --- [           main] .s.d.r.c.RepositoryConfigurationDelegate : Bootstrapping Spring Data JPA repositories in DEFAULT mode.
2026-06-06T18:25:49.155-03:00  INFO 16448 --- [           main] .s.d.r.c.RepositoryConfigurationDelegate : Finished Spring Data repository scanning in 58 ms. Found 6 JPA repository interfaces.
2026-06-06T18:25:49.729-03:00  INFO 16448 --- [           main] o.s.b.w.embedded.tomcat.TomcatWebServer  : Tomcat initialized with port 8081 (http)
2026-06-06T18:25:49.742-03:00  INFO 16448 --- [           main] o.apache.catalina.core.StandardService   : Starting service [Tomcat]
2026-06-06T18:25:49.742-03:00  INFO 16448 --- [           main] o.apache.catalina.core.StandardEngine    : Starting Servlet engine: [Apache Tomcat/10.1.24]
2026-06-06T18:25:49.809-03:00  INFO 16448 --- [           main] o.a.c.c.C.[Tomcat].[localhost].[/]       : Initializing Spring embedded WebApplicationContext
2026-06-06T18:25:49.810-03:00  INFO 16448 --- [           main] w.s.c.ServletWebServerApplicationContext : Root WebApplicationContext: initialization completed in 1423 ms
2026-06-06T18:25:50.047-03:00  INFO 16448 --- [           main] com.zaxxer.hikari.HikariDataSource       : HikariPool-1 - Starting...
2026-06-06T18:25:50.239-03:00  INFO 16448 --- [           main] com.zaxxer.hikari.pool.HikariPool        : HikariPool-1 - Added connection org.postgresql.jdbc.PgConnection@de579ff
2026-06-06T18:25:50.240-03:00  INFO 16448 --- [           main] com.zaxxer.hikari.HikariDataSource       : HikariPool-1 - Start completed.
2026-06-06T18:25:50.269-03:00  INFO 16448 --- [           main] org.flywaydb.core.FlywayExecutor         : Database: jdbc:postgresql://localhost:5432/agendamento (PostgreSQL 16.13)
2026-06-06T18:25:50.320-03:00  INFO 16448 --- [           main] o.f.core.internal.command.DbValidate     : Successfully validated 4 migrations (execution time 00:00.029s)
2026-06-06T18:25:50.359-03:00  INFO 16448 --- [           main] o.f.core.internal.command.DbMigrate      : Current version of schema "public": 3
2026-06-06T18:25:50.374-03:00  INFO 16448 --- [           main] o.f.core.internal.command.DbMigrate      : Migrating schema "public" to version "4 - add profissional"
2026-06-06T18:25:50.429-03:00  INFO 16448 --- [           main] o.f.core.internal.command.DbMigrate      : Successfully applied 1 migration to schema "public", now at version v4 (execution time 00:00.031s)
2026-06-06T18:25:50.512-03:00  INFO 16448 --- [           main] o.hibernate.jpa.internal.util.LogHelper  : HHH000204: Processing PersistenceUnitInfo [name: default]
2026-06-06T18:25:50.588-03:00  INFO 16448 --- [           main] org.hibernate.Version                    : HHH000412: Hibernate ORM core version 6.5.2.Final
2026-06-06T18:25:50.628-03:00  INFO 16448 --- [           main] o.h.c.internal.RegionFactoryInitiator    : HHH000026: Second-level cache disabled
2026-06-06T18:25:50.941-03:00  INFO 16448 --- [           main] o.s.o.j.p.SpringPersistenceUnitInfo      : No LoadTimeWeaver setup: ignoring JPA class transformer
2026-06-06T18:25:50.997-03:00  WARN 16448 --- [           main] org.hibernate.orm.deprecation            : HHH90000025: PostgreSQLDialect does not need to be specified explicitly using 'hibernate.dialect' (remove the property setting and it will be selected by default)
2026-06-06T18:25:51.937-03:00  INFO 16448 --- [           main] o.h.e.t.j.p.i.JtaPlatformInitiator       : HHH000489: No JTA platform available (set 'hibernate.transaction.jta.platform' to enable JTA platform integration)
2026-06-06T18:25:51.940-03:00  INFO 16448 --- [           main] j.LocalContainerEntityManagerFactoryBean : Initialized JPA EntityManagerFactory for persistence unit 'default'
2026-06-06T18:25:52.590-03:00  INFO 16448 --- [           main] o.s.s.web.DefaultSecurityFilterChain     : Will secure any request with [org.springframework.security.web.session.DisableEncodeUrlFilter@4117e0c9, org.springframework.security.web.context.request.async.WebAsyncManagerIntegrationFilter@568e2d65, org.springframework.security.web.context.SecurityContextHolderFilter@2a728076, org.springframework.security.web.header.HeaderWriterFilter@1b18fa79, org.springframework.web.filter.CorsFilter@5e528476, org.springframework.security.web.authentication.logout.LogoutFilter@57eb2555, com.agendamento.backend.security.JwtAuthFilter@54c622a7, org.springframework.security.web.savedrequest.RequestCacheAwareFilter@67fda9fb, org.springframework.security.web.servletapi.SecurityContextHolderAwareRequestFilter@16eca98a, org.springframework.security.web.authentication.AnonymousAuthenticationFilter@56728f48, org.springframework.security.web.session.SessionManagementFilter@34128fed, org.springframework.security.web.access.ExceptionTranslationFilter@103a1ad3, org.springframework.security.web.access.intercept.AuthorizationFilter@34947355]
2026-06-06T18:25:52.807-03:00  INFO 16448 --- [           main] o.s.b.w.embedded.tomcat.TomcatWebServer  : Tomcat started on port 8081 (http) with context path '/'
2026-06-06T18:25:52.814-03:00  INFO 16448 --- [           main] c.a.backend.BackendApplication           : Started BackendApplication in 4.879 seconds (process running for 5.244)
[ERROR] Failed to execute goal org.springframework.boot:spring-boot-maven-plugin:3.3.0:run (default-cli) on project backend: Process terminated with exit code: -1 -> [Help 1]
[ERROR] 
[ERROR] To see the full stack trace of the errors, re-run Maven with the -e switch.
[ERROR] Re-run Maven using the -X switch to enable full debug logging.
[ERROR] 
[ERROR] For more information about the errors and possible solutions, please read the following articles:
[ERROR] [Help 1] http://cwiki.apache.org/confluence/display/MAVEN/MojoExecutionException
